<?xml version="1.0" encoding="UTF-8"?>
<!-- Generated by org.testng.reporters.JUnitReportReporter -->
<testsuite hostname="DESKTOP-44LVSDI" failures="0" tests="1" name="epack.Demo" time="31.170" errors="0" timestamp="2023-04-30T21:12:43 BDT" skipped="0">
  <testcase classname="epack.Demo" name="testOne" time="31.170"/>
  <system-out/>
</testsuite> <!-- epack.Demo -->
